<?xml version="1.0" encoding="UTF-8"?>
<!-- Generated by org.testng.reporters.JUnitXMLReporter -->
<testsuite ignored="2" hostname="DESKTOP-39QSRKD" failures="0" tests="2" name="Default test" time="165.639" errors="0" timestamp="2023-11-22T23:13:04 IST">
  <testcase classname="com.Login.tc__Login" name="loginTest" time="30.306"/>
  <testcase classname="com.RegUserWith_Checkout_Paypal.tc__RegUserHomePageBannerPLPInCheckoutPaypal" name="HomePageBannerPLPInCheckoutPaypal" time="131.19"/>
  <testcase classname="com.testcases.baseClass" name="@BeforeSuite setUpforReport" time="0.0">
    <ignored/>
  </testcase> <!-- @BeforeSuite setUpforReport -->
  <testcase classname="com.testcases.baseClass" name="@AfterSuite tearDown" time="0.0">
    <ignored/>
  </testcase> <!-- @AfterSuite tearDown -->
</testsuite> <!-- Default test -->
