<?xml version="1.0" encoding="UTF-8"?>
<!-- Generated by org.testng.reporters.JUnitXMLReporter -->
<testsuite ignored="4" hostname="Upendra" failures="0" tests="3" name="Default test" time="55.753" errors="0" timestamp="2023-12-06T12:01:55 IST">
  <testcase classname="com.Launchingbrowser.launchBrowsering" name="chromeBrowser" time="15.461"/>
  <testcase classname="com.Login.tc__Login" name="loginTest" time="24.095"/>
  <testcase classname="com.Logout.tc__LogOut" name="Logout" time="9.981"/>
  <testcase classname="com.testcases.baseClass" name="@AfterSuite tearDown" time="0.0">
    <ignored/>
  </testcase> <!-- @AfterSuite tearDown -->
  <testcase classname="com.testcases.baseClass" name="@BeforeSuite setUpforReport" time="0.0">
    <ignored/>
  </testcase> <!-- @BeforeSuite setUpforReport -->
  <testcase classname="com.testcases.baseClass" name="@AfterSuite tearDown" time="0.0">
    <ignored/>
  </testcase> <!-- @AfterSuite tearDown -->
  <testcase classname="com.testcases.baseClass" name="@BeforeSuite setUpforReport" time="0.0">
    <ignored/>
  </testcase> <!-- @BeforeSuite setUpforReport -->
</testsuite> <!-- Default test -->
