<?xml version="1.0" encoding="UTF-8"?>
<testng-results ignored="2" total="4" passed="2" failed="0" skipped="0">
  <reporter-output>
  </reporter-output>
  <suite started-at="2023-11-29T19:15:58 IST" name="Default suite" finished-at="2023-11-29T19:20:17 IST" duration-ms="258802">
    <groups>
    </groups>
    <test started-at="2023-11-29T19:15:58 IST" name="Default test" finished-at="2023-11-29T19:20:17 IST" duration-ms="258802">
      <class name="com.GuestUserWith_CreditCard.tc__HomePageBannerPLPInCC">
        <test-method is-config="true" signature="setUpforReport()[pri:0, instance:com.GuestUserWith_CreditCard.tc__HomePageBannerPLPInCC@4ed5a1b0]" started-at="2023-11-29T19:15:53 IST" name="setUpforReport" finished-at="2023-11-29T19:15:58 IST" duration-ms="5408" status="PASS">
          <reporter-output>
          </reporter-output>
        </test-method> <!-- setUpforReport -->
        <test-method is-config="true" signature="setUp()[pri:0, instance:com.GuestUserWith_CreditCard.tc__HomePageBannerPLPInCC@4ed5a1b0]" started-at="2023-11-29T19:16:16 IST" name="setUp" finished-at="2023-11-29T19:16:18 IST" duration-ms="2009" status="PASS">
          <reporter-output>
          </reporter-output>
        </test-method> <!-- setUp -->
        <test-method signature="HomePageBannerPLP()[pri:0, instance:com.GuestUserWith_CreditCard.tc__HomePageBannerPLPInCC@4ed5a1b0]" started-at="2023-11-29T19:16:18 IST" name="HomePageBannerPLP" finished-at="2023-11-29T19:20:17 IST" depends-on-methods="com.Launchingbrowser.launchBrowsering.chromeBrowser" duration-ms="238947" status="PASS">
          <reporter-output>
          </reporter-output>
        </test-method> <!-- HomePageBannerPLP -->
        <test-method is-config="true" signature="afterMethod(org.testng.ITestResult)[pri:0, instance:com.GuestUserWith_CreditCard.tc__HomePageBannerPLPInCC@4ed5a1b0]" started-at="2023-11-29T19:20:17 IST" name="afterMethod" finished-at="2023-11-29T19:20:17 IST" duration-ms="7" status="PASS">
          <params>
            <param index="0">
              <value>
                <![CDATA[[TestResult name=HomePageBannerPLP status=SUCCESS method=tc__HomePageBannerPLPInCC.HomePageBannerPLP()[pri:0, instance:com.GuestUserWith_CreditCard.tc__HomePageBannerPLPInCC@4ed5a1b0] output={null}]]]>
              </value>
            </param>
          </params>
          <reporter-output>
          </reporter-output>
        </test-method> <!-- afterMethod -->
        <test-method is-config="true" signature="tearDown()[pri:0, instance:com.GuestUserWith_CreditCard.tc__HomePageBannerPLPInCC@4ed5a1b0]" started-at="2023-11-29T19:20:17 IST" name="tearDown" finished-at="2023-11-29T19:20:24 IST" duration-ms="7243" status="PASS">
          <reporter-output>
          </reporter-output>
        </test-method> <!-- tearDown -->
      </class> <!-- com.GuestUserWith_CreditCard.tc__HomePageBannerPLPInCC -->
      <class name="com.Launchingbrowser.launchBrowsering">
        <test-method is-config="true" signature="setUp()[pri:0, instance:com.Launchingbrowser.launchBrowsering@22bdb1d0]" started-at="2023-11-29T19:15:58 IST" name="setUp" finished-at="2023-11-29T19:16:00 IST" duration-ms="2069" status="PASS">
          <reporter-output>
          </reporter-output>
        </test-method> <!-- setUp -->
        <test-method signature="chromeBrowser()[pri:0, instance:com.Launchingbrowser.launchBrowsering@22bdb1d0]" started-at="2023-11-29T19:16:00 IST" name="chromeBrowser" finished-at="2023-11-29T19:16:16 IST" duration-ms="15701" status="PASS">
          <reporter-output>
          </reporter-output>
        </test-method> <!-- chromeBrowser -->
        <test-method is-config="true" signature="afterMethod(org.testng.ITestResult)[pri:0, instance:com.Launchingbrowser.launchBrowsering@22bdb1d0]" started-at="2023-11-29T19:16:16 IST" name="afterMethod" finished-at="2023-11-29T19:16:16 IST" duration-ms="18" status="PASS">
          <params>
            <param index="0">
              <value>
                <![CDATA[[TestResult name=chromeBrowser status=SUCCESS method=launchBrowsering.chromeBrowser()[pri:0, instance:com.Launchingbrowser.launchBrowsering@22bdb1d0] output={null}]]]>
              </value>
            </param>
          </params>
          <reporter-output>
          </reporter-output>
        </test-method> <!-- afterMethod -->
      </class> <!-- com.Launchingbrowser.launchBrowsering -->
    </test> <!-- Default test -->
  </suite> <!-- Default suite -->
</testng-results>
